Arguments: 
  /nix/store/xcyvnrhv423hnxry279c9zaqv17vkikw-nodejs-18.14.2/bin/node /Users/xutyr/.nix-profile/bin/yarn

PATH: 
  /usr/local/bin:/System/Cryptexes/App/usr/bin:/usr/bin:/bin:/usr/sbin:/sbin:/Library/Apple/usr/bin:/Users/xutyr/Library/pnpm:/Users/xutyr/.nix-profile/bin:/nix/var/nix/profiles/default/bin:/Users/xutyr/.cargo/bin:/Users/xutyr/.protostar/dist/protostar:/Users/xutyr/.foundry/bin

Yarn version: 
  1.22.19

Node version: 
  18.14.2

Platform: 
  darwin arm64

Trace: 
  Error: ENOENT: no such file or directory, copyfile '/Users/xutyr/Library/Caches/Yarn/v6/npm-jsonfile-6.1.0-bc55b2634793c679ec6403094eb13698a6ec0aae-integrity/node_modules/jsonfile/CHANGELOG.md' -> '/Users/xutyr/Dev/Windzy/Contracts/node_modules/@typechain/hardhat/node_modules/jsonfile/CHANGELOG.md'

npm manifest: 
  {
    "name": "Contracts",
    "version": "0.0.1",
    "description": "",
    "main": "index.js",
    "scripts": {
      "build": "forge build",
      "compile": "forge compile",
      "remap": "forge remappings > remappings.txt",
      "test": "forge test -vvv",
      "gas": "forge test -vvv --gas-report",
      "coverage": "forge coverage --report lcov && genhtml lcov.info --branch-coverage --output-dir coverage"
    },
    "keywords": [],
    "author": "",
    "license": "ISC",
    "devDependencies": {
      "@nomicfoundation/hardhat-chai-matchers": "^1.0.5",
      "@nomicfoundation/hardhat-toolbox": "^2.0.1",
      "@nomiclabs/hardhat-ethers": "^2.0.6",
      "@nomiclabs/hardhat-etherscan": "^3.1.5",
      "@nomiclabs/hardhat-waffle": "^2.0.3",
      "@typechain/ethers-v5": "^10.0.0",
      "@typechain/hardhat": "^6.0.0",
      "@types/chai": "^4.3.0",
      "@types/mocha": "^9.1.0",
      "@types/node": "^17.0.35",
      "chai": "^4.3.6",
      "dotenv": "^16.0.3",
      "ethers": "^5.6.6",
      "hardhat": "^2.9.5",
      "hardhat-deploy": "^0.11.23",
      "hardhat-gas-reporter": "^1.0.9",
      "hardhat-preprocessor": "^0.1.4",
      "solidity-coverage": "^0.8.2",
      "ts-node": "^10.7.0",
      "typechain": "^8.0.0",
      "typescript": "^4.6.4"
    }
  }

yarn manifest: 
  No manifest

Lockfile: 
  No lockfile
